<?xml version="1.0" encoding="UTF-8"?>
<!-- Generated by org.testng.reporters.JUnitReportReporter -->
<testsuite skipped="0" hostname="Vidush-M-Aric" name="com.tycrm.testscripts.CreateOrg" tests="1" failures="0" timestamp="2020-08-02T20:42:40 IST" time="52.833" errors="0">
  <testcase name="createorg" time="52.833" classname="com.tycrm.testscripts.CreateOrg"/>
  <system-out/>
</testsuite> <!-- com.tycrm.testscripts.CreateOrg -->
